<?xml version="1.0" encoding="UTF-8"?>
<!-- Generated by org.testng.reporters.JUnitReportReporter -->
<testsuite skipped="0" hostname="Ashifs-Air.fios-router.home" name="Base.firstTest" tests="1" failures="0" timestamp="2020-03-29T15:36:21 EDT" time="4.137" errors="0">
  <testcase name="f" time="4.137" classname="Base.firstTest"/>
  <system-out/>
</testsuite> <!-- Base.firstTest -->
